This is e-pTeX, Version 3.141592653-p3.9.0-210218-2.6 (utf8.sjis) (TeX Live 2021/W32TeX) (preloaded format=platex 2021.2.27)  19 FEB 2023 17:36
entering extended mode
 restricted \write18 enabled.
 file:line:error style messages enabled.
 %&-line parsing enabled.
**c:/Users/kanek/Documents/2022/master_thesis/master_thesis/master_thesis.tex
(c:/Users/kanek/Documents/2022/master_thesis/master_thesis/master_thesis.tex
pLaTeX2e <2020-10-01>+2 (based on LaTeX2e <2020-10-01> patch level 4)
L3 programming layer <2021-02-18> (c:/w32tex/share/texmf-dist/tex/platex/base/jreport.cls
Document Class: jreport 2020/09/30 v1.8f Standard pLaTeX class
\c@@paper=\count178
(c:/w32tex/share/texmf-dist/tex/platex/base/jsize12.clo
File: jsize12.clo 2020/09/30 v1.8f Standard pLaTeX file (size option)
)
\c@part=\count179
\c@chapter=\count180
\c@section=\count181
\c@subsection=\count182
\c@subsubsection=\count183
\c@paragraph=\count184
\c@subparagraph=\count185
\c@figure=\count186
\c@table=\count187
\abovecaptionskip=\skip47
\belowcaptionskip=\skip48
\symmincho=\mathgroup4
LaTeX Font Info:    Overwriting symbol font `mincho' in version `bold'
(Font)                  JY1/mc/m/n --> JY1/gt/m/n on input line 704.
\toclineskip=\dimen154
\@lnumwidth=\dimen155
\bibindent=\dimen156
\heisei=\count188
) (c:/w32tex/share/texmf-dist/tex/latex/geometry/geometry.sty
Package: geometry 2020/01/02 v5.9 Page Geometry
(c:/w32tex/share/texmf-dist/tex/latex/graphics/keyval.sty
Package: keyval 2014/10/28 v1.15 key=value parser (DPC)
\KV@toks@=\toks16
) (c:/w32tex/share/texmf-dist/tex/generic/iftex/ifvtex.sty
Package: ifvtex 2019/10/25 v1.7 ifvtex legacy package. Use iftex instead.
(c:/w32tex/share/texmf-dist/tex/generic/iftex/iftex.sty
Package: iftex 2020/03/06 v1.0d TeX engine tests
))
\Gm@cnth=\count189
\Gm@cntv=\count190
\c@Gm@tempcnt=\count191
\Gm@bindingoffset=\dimen157
\Gm@wd@mp=\dimen158
\Gm@odd@mp=\dimen159
\Gm@even@mp=\dimen160
\Gm@layoutwidth=\dimen161
\Gm@layoutheight=\dimen162
\Gm@layouthoffset=\dimen163
\Gm@layoutvoffset=\dimen164
\Gm@dimlist=\toks17
(c:/w32tex/share/texmf-dist/tex/latex/geometry/geometry.cfg)) (c:/w32tex/share/texmf-dist/tex/latex/pdfpages/pdfpages.sty
Package: pdfpages 2021/02/05 v0.5s Insert pages of external PDF documents (AM)
(c:/w32tex/share/texmf-dist/tex/latex/base/ifthen.sty
Package: ifthen 2014/09/29 v1.1c Standard LaTeX ifthen package (DPC)
) (c:/w32tex/share/texmf-dist/tex/latex/tools/calc.sty
Package: calc 2017/05/25 v4.3 Infix arithmetic (KKT,FJ)
\calc@Acount=\count192
\calc@Bcount=\count193
\calc@Adimen=\dimen165
\calc@Bdimen=\dimen166
\calc@Askip=\skip49
\calc@Bskip=\skip50
LaTeX Info: Redefining \setlength on input line 80.
LaTeX Info: Redefining \addtolength on input line 81.
\calc@Ccount=\count194
\calc@Cskip=\skip51
) (c:/w32tex/share/texmf-dist/tex/latex/eso-pic/eso-pic.sty
Package: eso-pic 2020/10/14 v3.0a eso-pic (RN)
\ESO@tempdima=\dimen167
\ESO@tempdimb=\dimen168
(c:/w32tex/share/texmf-dist/tex/latex/xcolor/xcolor.sty
Package: xcolor 2016/05/11 v2.12 LaTeX color extensions (UK)
(c:/w32tex/share/texmf-dist/tex/latex/graphics-cfg/color.cfg
File: color.cfg 2016/01/02 v1.6 sample color configuration
)
Package xcolor Info: Driver file: dvipdfmx.def on input line 225.
(c:/w32tex/share/texmf-dist/tex/latex/graphics-def/dvipdfmx.def
File: dvipdfmx.def 2020/08/26 v5.0h Graphics/color driver for dvipdfmx
)
Package xcolor Info: Model `cmy' substituted by `cmy0' on input line 1348.
Package xcolor Info: Model `RGB' extended on input line 1364.
Package xcolor Info: Model `HTML' substituted by `rgb' on input line 1366.
Package xcolor Info: Model `Hsb' substituted by `hsb' on input line 1367.
Package xcolor Info: Model `tHsb' substituted by `hsb' on input line 1368.
Package xcolor Info: Model `HSB' substituted by `hsb' on input line 1369.
Package xcolor Info: Model `Gray' substituted by `gray' on input line 1370.
Package xcolor Info: Model `wave' substituted by `hsb' on input line 1371.
)) (c:/w32tex/share/texmf-dist/tex/latex/graphics/graphicx.sty
Package: graphicx 2020/09/09 v1.2b Enhanced LaTeX Graphics (DPC,SPQR)
(c:/w32tex/share/texmf-dist/tex/latex/graphics/graphics.sty
Package: graphics 2020/08/30 v1.4c Standard LaTeX Graphics (DPC,SPQR)
(c:/w32tex/share/texmf-dist/tex/latex/graphics/trig.sty
Package: trig 2016/01/03 v1.10 sin cos tan (DPC)
) (c:/w32tex/share/texmf-dist/tex/latex/graphics-cfg/graphics.cfg
File: graphics.cfg 2016/06/04 v1.11 sample graphics configuration
)
Package graphics Info: Driver file: dvipdfmx.def on input line 105.
)
\Gin@req@height=\dimen169
\Gin@req@width=\dimen170
)
\AM@pagewidth=\dimen171
\AM@pageheight=\dimen172
\AM@fboxrule=\dimen173
(c:/w32tex/share/texmf-dist/tex/latex/pdfpages/ppdvipdfmx.def
File: ppdvipdfmx.def 2021/02/05 v0.5s Pdfpages driver for dvipdfmx (AM)
)
\pdfpages@includegraphics@status=\count195
\AM@pagebox=\box64
\AM@global@opts=\toks18
\AM@pagecnt=\count196
\AM@toc@title=\toks19
\c@AM@survey=\count197
\AM@templatesizebox=\box65
) (c:/w32tex/share/texmf-dist/tex/latex/newtx/newtxmath.sty
Package: newtxmath 2020/12/20 v1.640
`newtxmath' v1.640, 2020/12/20 Math macros based originally on txfonts (msharpe) (c:/w32tex/share/texmf-dist/tex/latex/amsmath/amsmath.sty
Package: amsmath 2020/09/23 v2.17i AMS math features
\@mathmargin=\skip52
For additional information on amsmath, use the `?' option.
(c:/w32tex/share/texmf-dist/tex/latex/amsmath/amstext.sty
Package: amstext 2000/06/29 v2.01 AMS text
(c:/w32tex/share/texmf-dist/tex/latex/amsmath/amsgen.sty
File: amsgen.sty 1999/11/30 v2.0 generic functions
\@emptytoks=\toks20
\ex@=\dimen174
)) (c:/w32tex/share/texmf-dist/tex/latex/amsmath/amsbsy.sty
Package: amsbsy 1999/11/29 v1.2d Bold Symbols
\pmbraise@=\dimen175
) (c:/w32tex/share/texmf-dist/tex/latex/amsmath/amsopn.sty
Package: amsopn 2016/03/08 v2.02 operator names
)
\inf@bad=\count198
LaTeX Info: Redefining \frac on input line 234.
\uproot@=\count199
\leftroot@=\count266
LaTeX Info: Redefining \overline on input line 399.
\classnum@=\count267
\DOTSCASE@=\count268
LaTeX Info: Redefining \ldots on input line 496.
LaTeX Info: Redefining \dots on input line 499.
LaTeX Info: Redefining \cdots on input line 620.
\Mathstrutbox@=\box66
\strutbox@=\box67
\big@size=\dimen176
LaTeX Font Info:    Redeclaring font encoding OML on input line 743.
LaTeX Font Info:    Redeclaring font encoding OMS on input line 744.
\macc@depth=\count269
\c@MaxMatrixCols=\count270
\dotsspace@=\muskip16
\c@parentequation=\count271
\dspbrk@lvl=\count272
\tag@help=\toks21
\row@=\count273
\column@=\count274
\maxfields@=\count275
\andhelp@=\toks22
\eqnshift@=\dimen177
\alignsep@=\dimen178
\tagshift@=\dimen179
\tagwidth@=\dimen180
\totwidth@=\dimen181
\lineht@=\dimen182
\@envbody=\toks23
\multlinegap=\skip53
\multlinetaggap=\skip54
\mathdisplay@stack=\toks24
LaTeX Info: Redefining \[ on input line 2923.
LaTeX Info: Redefining \] on input line 2924.
) (c:/w32tex/share/texmf-dist/tex/latex/etoolbox/etoolbox.sty
Package: etoolbox 2020/10/05 v2.5k e-TeX tools for LaTeX (JAW)
\etb@tempcnta=\count276
) (c:/w32tex/share/texmf-dist/tex/generic/iftex/ifxetex.sty
Package: ifxetex 2019/10/25 v0.7 ifxetex legacy package. Use iftex instead.
) (c:/w32tex/share/texmf-dist/tex/generic/iftex/ifluatex.sty
Package: ifluatex 2019/10/25 v1.5 ifluatex legacy package. Use iftex instead.
) (c:/w32tex/share/texmf-dist/tex/latex/xkeyval/xkeyval.sty
Package: xkeyval 2020/11/20 v2.8 package option processing (HA)
(c:/w32tex/share/texmf-dist/tex/generic/xkeyval/xkeyval.tex (c:/w32tex/share/texmf-dist/tex/generic/xkeyval/xkvutils.tex
\XKV@toks=\toks25
\XKV@tempa@toks=\toks26
)
\XKV@depth=\count277
File: xkeyval.tex 2014/12/03 v2.7a key=value parser (HA)
)) (c:/w32tex/share/texmf-dist/tex/latex/oberdiek/centernot.sty
Package: centernot 2016/05/16 v1.4 Centers the not symbol horizontally (HO)
)
\tx@cntz=\count278
(c:/w32tex/share/texmf-dist/tex/generic/kastrup/binhex.tex)
\tx@Isdigit=\count279
\tx@IsAlNum=\count280
\tx@tA=\toks27
\tx@tB=\toks28
\tx@su=\read2
LaTeX Font Info:    Redeclaring symbol font `operators' on input line 360.
LaTeX Font Info:    Overwriting symbol font `operators' in version `normal'
(Font)                  OT1/cmr/m/n --> OT1/cmr/m/n on input line 360.
LaTeX Font Info:    Overwriting symbol font `operators' in version `bold'
(Font)                  OT1/cmr/bx/n --> OT1/cmr/m/n on input line 360.
LaTeX Font Info:    Overwriting symbol font `operators' in version `bold'
(Font)                  OT1/cmr/m/n --> OT1/cmr/b/n on input line 361.
LaTeX Font Info:    Redeclaring math alphabet \mathsf on input line 369.
LaTeX Font Info:    Overwriting math alphabet `\mathsf' in version `normal'
(Font)                  OT1/cmss/m/n --> OT1/cmss/m/n on input line 369.
LaTeX Font Info:    Overwriting math alphabet `\mathsf' in version `bold'
(Font)                  OT1/cmss/bx/n --> OT1/cmss/m/n on input line 369.
LaTeX Font Info:    Redeclaring math alphabet \mathit on input line 370.
LaTeX Font Info:    Overwriting math alphabet `\mathit' in version `normal'
(Font)                  OT1/cmr/m/it --> OT1/cmr/m/it on input line 370.
LaTeX Font Info:    Overwriting math alphabet `\mathit' in version `bold'
(Font)                  OT1/cmr/bx/it --> OT1/cmr/m/it on input line 370.
LaTeX Font Info:    Redeclaring math alphabet \mathtt on input line 371.
LaTeX Font Info:    Overwriting math alphabet `\mathtt' in version `normal'
(Font)                  OT1/cmtt/m/n --> OT1/cmtt/m/n on input line 371.
LaTeX Font Info:    Overwriting math alphabet `\mathtt' in version `bold'
(Font)                  OT1/cmtt/m/n --> OT1/cmtt/m/n on input line 371.
LaTeX Font Info:    Redeclaring math alphabet \mathbf on input line 373.
LaTeX Font Info:    Overwriting math alphabet `\mathbf' in version `normal'
(Font)                  OT1/cmr/bx/n --> OT1/cmr/b/n on input line 373.
LaTeX Font Info:    Overwriting math alphabet `\mathbf' in version `bold'
(Font)                  OT1/cmr/bx/n --> OT1/cmr/b/n on input line 373.
LaTeX Font Info:    Overwriting math alphabet `\mathit' in version `bold'
(Font)                  OT1/cmr/m/it --> OT1/cmr/b/it on input line 374.
LaTeX Font Info:    Overwriting math alphabet `\mathsf' in version `bold'
(Font)                  OT1/cmss/m/n --> OT1/cmss/b/n on input line 375.
LaTeX Font Info:    Overwriting math alphabet `\mathtt' in version `bold'
(Font)                  OT1/cmtt/m/n --> OT1/cmtt/b/n on input line 376.
LaTeX Font Info:    Redeclaring symbol font `letters' on input line 477.
LaTeX Font Info:    Overwriting symbol font `letters' in version `normal'
(Font)                  OML/cmm/m/it --> OML/ntxmi/m/it on input line 477.
LaTeX Font Info:    Overwriting symbol font `letters' in version `bold'
(Font)                  OML/cmm/b/it --> OML/ntxmi/m/it on input line 477.
LaTeX Font Info:    Overwriting symbol font `letters' in version `bold'
(Font)                  OML/ntxmi/m/it --> OML/ntxmi/b/it on input line 478.
\symlettersA=\mathgroup5
LaTeX Font Info:    Overwriting symbol font `lettersA' in version `bold'
(Font)                  U/ntxmia/m/it --> U/ntxmia/b/it on input line 542.
Now handling font encoding LMS ...
... no UTF-8 mapping file for font encoding LMS
LaTeX Font Info:    Redeclaring symbol font `symbols' on input line 563.
LaTeX Font Info:    Encoding `OMS' has changed to `LMS' for symbol font
(Font)              `symbols' in the math version `normal' on input line 563.
LaTeX Font Info:    Overwriting symbol font `symbols' in version `normal'
(Font)                  OMS/cmsy/m/n --> LMS/ntxsy/m/n on input line 563.
LaTeX Font Info:    Encoding `OMS' has changed to `LMS' for symbol font
(Font)              `symbols' in the math version `bold' on input line 563.
LaTeX Font Info:    Overwriting symbol font `symbols' in version `bold'
(Font)                  OMS/cmsy/b/n --> LMS/ntxsy/m/n on input line 563.
LaTeX Font Info:    Overwriting symbol font `symbols' in version `bold'
(Font)                  LMS/ntxsy/m/n --> LMS/ntxsy/b/n on input line 564.
\symAMSm=\mathgroup6
LaTeX Font Info:    Overwriting symbol font `AMSm' in version `bold'
(Font)                  U/ntxsym/m/n --> U/ntxsym/b/n on input line 587.
\symsymbolsC=\mathgroup7
LaTeX Font Info:    Overwriting symbol font `symbolsC' in version `bold'
(Font)                  U/ntxsyc/m/n --> U/ntxsyc/b/n on input line 608.
Now handling font encoding LMX ...
... no UTF-8 mapping file for font encoding LMX
LaTeX Font Info:    Redeclaring symbol font `largesymbols' on input line 621.
LaTeX Font Info:    Encoding `OMX' has changed to `LMX' for symbol font
(Font)              `largesymbols' in the math version `normal' on input line 621.
LaTeX Font Info:    Overwriting symbol font `largesymbols' in version `normal'
(Font)                  OMX/cmex/m/n --> LMX/ntxexx/m/n on input line 621.
LaTeX Font Info:    Encoding `OMX' has changed to `LMX' for symbol font
(Font)              `largesymbols' in the math version `bold' on input line 621.
LaTeX Font Info:    Overwriting symbol font `largesymbols' in version `bold'
(Font)                  OMX/cmex/m/n --> LMX/ntxexx/m/n on input line 621.
LaTeX Font Info:    Overwriting symbol font `largesymbols' in version `bold'
(Font)                  LMX/ntxexx/m/n --> LMX/ntxexx/b/n on input line 622.
\symlargesymbolsTXA=\mathgroup8
LaTeX Font Info:    Overwriting symbol font `largesymbolsTXA' in version `bold'
(Font)                  U/ntxexa/m/n --> U/ntxexa/b/n on input line 636.
\tx@sbptoks=\toks29
LaTeX Font Info:    Redeclaring math delimiter \lfloor on input line 858.
LaTeX Font Info:    Redeclaring math delimiter \rfloor on input line 859.
LaTeX Font Info:    Redeclaring math delimiter \lceil on input line 860.
LaTeX Font Info:    Redeclaring math delimiter \rceil on input line 861.
LaTeX Font Info:    Redeclaring math delimiter \lbrace on input line 862.
LaTeX Font Info:    Redeclaring math delimiter \rbrace on input line 863.
LaTeX Font Info:    Redeclaring math delimiter \langle on input line 864.
LaTeX Font Info:    Redeclaring math delimiter \rangle on input line 866.
LaTeX Font Info:    Redeclaring math delimiter \arrowvert on input line 870.
LaTeX Font Info:    Redeclaring math delimiter \vert on input line 871.
LaTeX Font Info:    Redeclaring math symbol \hbar on input line 917.
LaTeX Font Info:    Redeclaring math accent \dot on input line 942.
LaTeX Font Info:    Redeclaring math accent \ddot on input line 943.
LaTeX Font Info:    Redeclaring math accent \vec on input line 2006.
LaTeX Font Info:    Redeclaring math symbol \imathscr on input line 2646.
LaTeX Font Info:    Redeclaring math symbol \jmathscr on input line 2647.
LaTeX Info: Redefining \Bbbk on input line 2780.
LaTeX Info: Redefining \not on input line 2929.
) (c:/w32tex/share/texmf-dist/tex/latex/tools/array.sty
Package: array 2020/10/01 v2.5c Tabular extension package (FMi)
\col@sep=\dimen183
\ar@mcellbox=\box68
\extrarowheight=\dimen184
\NC@list=\toks30
\extratabsurround=\skip55
\backup@length=\skip56
\ar@cellbox=\box69
) (c:/w32tex/share/texmf-dist/tex/latex/siunitx/siunitx.sty (c:/w32tex/share/texmf-dist/tex/latex/l3kernel/expl3.sty
Package: expl3 2021-02-18 L3 programming layer (loader) 
(c:/w32tex/share/texmf-dist/tex/latex/l3backend/l3backend-dvipdfmx.def
File: l3backend-dvipdfmx.def 2021-02-18 L3 backend support: dvipdfmx
(|extractbb --version)
\c__kernel_sys_dvipdfmx_version_int=\count281
\l__color_backend_stack_int=\count282
\g__color_backend_stack_int=\count283
\g__graphics_track_int=\count284
\l__pdf_internal_box=\box70
\g__pdf_backend_object_int=\count285
\g__pdf_backend_annotation_int=\count286
\g__pdf_backend_link_int=\count287
)) (c:/w32tex/share/texmf-dist/tex/latex/l3packages/xparse/xparse.sty (c:/w32tex/share/texmf-dist/tex/latex/l3packages/xparse/xparse-2020-10-01.sty (c:/w32tex/share/texmf-dist/tex/latex/l3packages/xparse/xparse-generic.tex)))
Package: siunitx 2020/02/25 v2.8b A comprehensive (SI) units package
(c:/w32tex/share/texmf-dist/tex/latex/l3packages/l3keys2e/l3keys2e.sty
Package: l3keys2e 2021-02-02 LaTeX2e option processing using LaTeX3 keys
)
\l__siunitx_tmp_box=\box71
\l__siunitx_tmp_dim=\dimen185
\l__siunitx_tmp_int=\count288
\l__siunitx_number_mantissa_length_int=\count289
\l__siunitx_number_uncert_length_int=\count290
\l__siunitx_round_int=\count291
\l__siunitx_process_decimal_int=\count292
\l__siunitx_process_uncertainty_int=\count293
\l__siunitx_process_fixed_int=\count294
\l__siunitx_process_integer_min_int=\count295
\l__siunitx_process_precision_int=\count296
\l__siunitx_group_min_int=\count297
\l__siunitx_angle_marker_box=\box72
\l__siunitx_angle_unit_box=\box73
\l__siunitx_angle_marker_dim=\dimen186
\l__siunitx_angle_unit_dim=\dimen187
\l__siunitx_unit_int=\count298
\l__siunitx_unit_denominator_int=\count299
\l__siunitx_unit_numerator_int=\count300
\l__siunitx_unit_prefix_int=\count301
\l__siunitx_unit_prefix_base_int=\count302
\l__siunitx_unit_prefix_gram_int=\count303
\l__siunitx_number_product_int=\count304
\c__siunitx_one_fill_skip=\skip57
\l__siunitx_table_unit_align_skip=\skip58
\l__siunitx_table_exponent_dim=\dimen188
\l__siunitx_table_integer_dim=\dimen189
\l__siunitx_table_mantissa_dim=\dimen190
\l__siunitx_table_marker_dim=\dimen191
\l__siunitx_table_result_dim=\dimen192
\l__siunitx_table_uncert_dim=\dimen193
\l__siunitx_table_fill_pre_dim=\dimen194
\l__siunitx_table_fill_post_dim=\dimen195
\l__siunitx_table_fill_mid_dim=\dimen196
\l__siunitx_table_pre_box=\box74
\l__siunitx_table_post_box=\box75
\l__siunitx_table_mantissa_box=\box76
\l__siunitx_table_result_box=\box77
\l__siunitx_table_number_align_skip=\skip59
\l__siunitx_table_text_align_skip=\skip60
(c:/w32tex/share/texmf-dist/tex/latex/translator/translator.sty
Package: translator 2020-08-03 v1.12c Easy translation of strings in LaTeX
)) (c:/w32tex/share/texmf-dist/tex/latex/url/url.sty
\Urlmuskip=\muskip17
Package: url 2013/09/16  ver 3.4  Verb mode for urls, etc.
) (c:/w32tex/share/texmf-dist/tex/latex/comment/comment.sty
\CommentStream=\write3
Excluding comment 'comment') (c:/w32tex/share/texmf-dist/tex/latex/amsfonts/amsfonts.sty
Package: amsfonts 2013/01/14 v3.01 Basic AMSFonts support
\symAMSa=\mathgroup9
\symAMSb=\mathgroup10
LaTeX Font Info:    Redeclaring math delimiter \ulcorner on input line 74.
LaTeX Font Info:    Redeclaring math delimiter \urcorner on input line 75.
LaTeX Font Info:    Redeclaring math delimiter \llcorner on input line 76.
LaTeX Font Info:    Redeclaring math delimiter \lrcorner on input line 77.
LaTeX Font Info:    Redeclaring math symbol \square on input line 141.
LaTeX Font Info:    Redeclaring math symbol \lozenge on input line 142.
) (c:/w32tex/share/texmf-dist/tex/latex/tools/bm.sty
Package: bm 2019/07/24 v1.2d Bold Symbol Support (DPC/FMi)
\symboldoperators=\mathgroup11
\symboldletters=\mathgroup12
\symboldsymbols=\mathgroup13
\symboldlargesymbols=\mathgroup14
LaTeX Font Info:    Redeclaring math alphabet \mathbf on input line 141.
LaTeX Info: Redefining \bm on input line 209.
) (c:/w32tex/share/texmf-dist/tex/latex/here/here.sty) (c:/w32tex/share/texmf-dist/tex/latex/float/float.sty
Package: float 2001/11/08 v1.3d Float enhancements (AL)
\c@float@type=\count305
\float@exts=\toks31
\float@box=\box78
\@float@everytoks=\toks32
\@floatcapt=\box79
) (c:/w32tex/share/texmf-dist/tex/platex/japanese-otf/otf.sty
Package: otf 2019/04/01 v1.7b8 psitau, u0.26 ttk
LaTeX Font Info:    Redeclaring symbol font `mincho' on input line 322.
LaTeX Font Info:    Overwriting symbol font `mincho' in version `normal'
(Font)                  JY1/mc/m/n --> JY1/hmc/m/n on input line 322.
LaTeX Font Info:    Overwriting symbol font `mincho' in version `bold'
(Font)                  JY1/gt/m/n --> JY1/hmc/m/n on input line 322.
LaTeX Font Info:    Overwriting symbol font `mincho' in version `bold'
(Font)                  JY1/hmc/m/n --> JY1/hmc/bx/n on input line 324.
LaTeX Font Info:    Redeclaring math alphabet \mathgt on input line 325.
LaTeX Font Info:    Overwriting math alphabet `\mathgt' in version `normal'
(Font)                  JY1/gt/m/n --> JY1/hgt/m/n on input line 325.
LaTeX Font Info:    Overwriting math alphabet `\mathgt' in version `bold'
(Font)                  JY1/gt/m/n --> JY1/hgt/m/n on input line 325.
LaTeX Font Info:    Overwriting math alphabet `\mathgt' in version `bold'
(Font)                  JY1/hgt/m/n --> JY1/hgt/bx/n on input line 326.
(c:/w32tex/share/texmf-dist/tex/platex/japanese-otf/ajmacros.sty
Package: ajmacros 2019/04/01 21:00 iNOUE Koich! <inoue@ma.ns.musashi-tech.ac.jp>
\@tempcntc=\count306
\@tempcntd=\count307
\@tempcnte=\count308
\@tempcntf=\count309
))
LaTeX Info: Redefining \cite on input line 20.
LaTeX Font Info:    Font shape `JT1/hmc/m/n' will be
(Font)              scaled to size 11.54663pt on input line 28.
LaTeX Font Info:    Font shape `JY1/hmc/m/n' will be
(Font)              scaled to size 11.54663pt on input line 28.
(out/master_thesis.aux)
\openout1 = `master_thesis.aux'.

LaTeX Font Info:    Checking defaults for OML/ntxmi/m/it on input line 28.
LaTeX Font Info:    Trying to load font information for OML+ntxmi on input line 28.
(c:/w32tex/share/texmf-dist/tex/latex/newtx/omlntxmi.fd
File: omlntxmi.fd 2015/08/25 Fontinst v1.933 font definitions for OML/ntxmi.
)
LaTeX Font Info:    ... okay on input line 28.
LaTeX Font Info:    Checking defaults for OMS/cmsy/m/n on input line 28.
LaTeX Font Info:    ... okay on input line 28.
LaTeX Font Info:    Checking defaults for OT1/cmr/m/n on input line 28.
LaTeX Font Info:    ... okay on input line 28.
LaTeX Font Info:    Checking defaults for T1/cmr/m/n on input line 28.
LaTeX Font Info:    ... okay on input line 28.
LaTeX Font Info:    Checking defaults for TS1/cmr/m/n on input line 28.
LaTeX Font Info:    ... okay on input line 28.
LaTeX Font Info:    Checking defaults for OMX/cmex/m/n on input line 28.
LaTeX Font Info:    ... okay on input line 28.
LaTeX Font Info:    Checking defaults for U/ntxexa/m/n on input line 28.
LaTeX Font Info:    Trying to load font information for U+ntxexa on input line 28.
(c:/w32tex/share/texmf-dist/tex/latex/newtx/untxexa.fd
File: untxexa.fd 2012/04/16 Fontinst v1.933 font definitions for U/ntxexa.
)
LaTeX Font Info:    ... okay on input line 28.
LaTeX Font Info:    Checking defaults for JY1/mc/m/n on input line 28.
LaTeX Font Info:    ... okay on input line 28.
LaTeX Font Info:    Checking defaults for JT1/mc/m/n on input line 28.
LaTeX Font Info:    ... okay on input line 28.
LaTeX Font Info:    Checking defaults for LMS/ntxsy/m/n on input line 28.
LaTeX Font Info:    Trying to load font information for LMS+ntxsy on input line 28.
(c:/w32tex/share/texmf-dist/tex/latex/newtx/lmsntxsy.fd
File: lmsntxsy.fd 2016/07/02 Fontinst v1.933 font definitions for LMS/ntxsy.
)
LaTeX Font Info:    ... okay on input line 28.
LaTeX Font Info:    Checking defaults for LMX/ntxexx/m/n on input line 28.
LaTeX Font Info:    Trying to load font information for LMX+ntxexx on input line 28.
(c:/w32tex/share/texmf-dist/tex/latex/newtx/lmxntxexx.fd
File: lmxntxexx.fd 2016/07/03 Fontinst v1.933 font definitions for LMX/ntxexx.
)
LaTeX Font Info:    ... okay on input line 28.
*geometry* detected driver: dvipdfm
*geometry* verbose mode - [ preamble ] result:
* driver: dvipdfm
* paper: a4paper
* layout: <same size as paper>
* layoutoffset:(h,v)=(0.0pt,0.0pt)
* modes: 
* h-part:(L,W,R)=(56.9055pt, 483.69687pt, 56.9055pt)
* v-part:(T,H,B)=(71.13188pt, 702.78308pt, 71.13188pt)
* \paperwidth=597.50787pt
* \paperheight=845.04684pt
* \textwidth=483.69687pt
* \textheight=702.78308pt
* \oddsidemargin=-15.36449pt
* \evensidemargin=-15.36449pt
* \topmargin=-38.1381pt
* \headheight=12.0pt
* \headsep=25.0pt
* \topskip=9.33105pt
* \footskip=30.0pt
* \marginparwidth=83.0pt
* \marginparsep=10.0pt
* \columnsep=10.0pt
* \skip\footins=10.8pt plus 4.0pt minus 2.0pt
* \hoffset=0.0pt
* \voffset=0.0pt
* \mag=1000
* \@twocolumnfalse
* \@twosidefalse
* \@mparswitchfalse
* \@reversemarginfalse
* (1in=72.27pt=25.4mm, 1cm=28.453pt)

(c:/w32tex/share/texmf-dist/tex/latex/pdflscape/pdflscape.sty
Package: pdflscape 2019/12/05 v0.12 Display of landscape pages in PDF (HO)
(c:/w32tex/share/texmf-dist/tex/latex/graphics/lscape.sty
Package: lscape 2020/05/28 v3.02 Landscape Pages (DPC)
) (c:/w32tex/share/texmf-dist/tex/latex/base/atbegshi-ltx.sty
Package: atbegshi-ltx 2020/08/17 v1.0a Emulation of the original atbegshi package
with kernel methods
)) (c:/w32tex/share/texmf-dist/tex/latex/siunitx/siunitx-abbreviations.cfg
File: siunitx-abbreviations.cfg 2017/11/26 v2.7k siunitx: Abbreviated units
) (c:/w32tex/share/texmf-dist/tex/latex/translator/translator-basic-dictionary-English.dict
Dictionary: translator-basic-dictionary, Language: English 
)
LaTeX Font Info:    Font shape `JY1/hmc/m/n' will be
(Font)              scaled to size 8.46753pt on input line 28.
LaTeX Font Info:    Font shape `JY1/hmc/m/n' will be
(Font)              scaled to size 6.35065pt on input line 28.
LaTeX Font Info:    Trying to load font information for U+ntxmia on input line 28.
(c:/w32tex/share/texmf-dist/tex/latex/newtx/untxmia.fd
File: untxmia.fd 2018/04/14 Fontinst v1.933 font definitions for U/ntxmia.
)
LaTeX Font Info:    Trying to load font information for U+ntxsym on input line 28.
(c:/w32tex/share/texmf-dist/tex/latex/newtx/untxsym.fd
File: untxsym.fd 2015/03/20 Fontinst v1.933 font definitions for U/ntxsym.
)
LaTeX Font Info:    Trying to load font information for U+ntxsyc on input line 28.
(c:/w32tex/share/texmf-dist/tex/latex/newtx/untxsyc.fd
File: untxsyc.fd 2012/04/12 Fontinst v1.933 font definitions for U/ntxsyc.
)
LaTeX Font Info:    Trying to load font information for U+msa on input line 28.
(c:/w32tex/share/texmf-dist/tex/latex/amsfonts/umsa.fd
File: umsa.fd 2013/01/14 v3.01 AMS symbols A
)
LaTeX Font Info:    Trying to load font information for U+msb on input line 28.
(c:/w32tex/share/texmf-dist/tex/latex/amsfonts/umsb.fd
File: umsb.fd 2013/01/14 v3.01 AMS symbols B
)
LaTeX Font Info:    Font shape `JT1/hmc/m/n' will be
(Font)              scaled to size 19.95642pt on input line 34.
LaTeX Font Info:    Font shape `JY1/hmc/m/n' will be
(Font)              scaled to size 19.95642pt on input line 34.
[1

]
LaTeX Font Info:    Font shape `JT1/hmc/m/n' will be
(Font)              scaled to size 23.94002pt on input line 69.
LaTeX Font Info:    Font shape `JY1/hmc/m/n' will be
(Font)              scaled to size 23.94002pt on input line 69.
LaTeX Font Info:    Font shape `JT1/hmc/bx/n' in size <24.88> not available
(Font)              Font shape `JT1/hgt/m/n' tried instead on input line 69.
LaTeX Font Info:    Font shape `JT1/hgt/m/n' will be
(Font)              scaled to size 23.94002pt on input line 69.
LaTeX Font Info:    Font shape `JY1/hmc/bx/n' in size <24.88> not available
(Font)              Font shape `JY1/hgt/m/n' tried instead on input line 69.
LaTeX Font Info:    Font shape `JY1/hgt/m/n' will be
(Font)              scaled to size 23.94002pt on input line 69.
(out/master_thesis.toc
LaTeX Font Info:    Font shape `JT1/hmc/bx/n' in size <12> not available
(Font)              Font shape `JT1/hgt/m/n' tried instead on input line 1.
LaTeX Font Info:    Font shape `JT1/hgt/m/n' will be
(Font)              scaled to size 11.54663pt on input line 1.
LaTeX Font Info:    Font shape `JY1/hmc/bx/n' in size <12> not available
(Font)              Font shape `JY1/hgt/m/n' tried instead on input line 1.
LaTeX Font Info:    Font shape `JY1/hgt/m/n' will be
(Font)              scaled to size 11.54663pt on input line 1.
[1


])
\tf@toc=\write4
\openout4 = `master_thesis.toc'.

[2]
第 1 章
LaTeX Font Info:    Font shape `JT1/hmc/m/n' will be
(Font)              scaled to size 16.62714pt on input line 71.
LaTeX Font Info:    Font shape `JY1/hmc/m/n' will be
(Font)              scaled to size 16.62714pt on input line 71.
LaTeX Font Info:    Font shape `JT1/hmc/bx/n' in size <17.28> not available
(Font)              Font shape `JT1/hgt/m/n' tried instead on input line 71.
LaTeX Font Info:    Font shape `JT1/hgt/m/n' will be
(Font)              scaled to size 16.62714pt on input line 71.
LaTeX Font Info:    Font shape `JY1/hmc/bx/n' in size <17.28> not available
(Font)              Font shape `JY1/hgt/m/n' tried instead on input line 71.
LaTeX Font Info:    Font shape `JY1/hgt/m/n' will be
(Font)              scaled to size 16.62714pt on input line 71.
LaTeX Font Info:    Font shape `JT1/hmc/m/n' will be
(Font)              scaled to size 13.85594pt on input line 72.
LaTeX Font Info:    Font shape `JY1/hmc/m/n' will be
(Font)              scaled to size 13.85594pt on input line 72.
LaTeX Font Info:    Font shape `JT1/hmc/bx/n' in size <14.4> not available
(Font)              Font shape `JT1/hgt/m/n' tried instead on input line 72.
LaTeX Font Info:    Font shape `JT1/hgt/m/n' will be
(Font)              scaled to size 13.85594pt on input line 72.
LaTeX Font Info:    Font shape `JY1/hmc/bx/n' in size <14.4> not available
(Font)              Font shape `JY1/hgt/m/n' tried instead on input line 72.
LaTeX Font Info:    Font shape `JY1/hgt/m/n' will be
(Font)              scaled to size 13.85594pt on input line 72.
LaTeX Font Info:    Font shape `JT1/hmc/m/n' will be
(Font)              scaled to size 7.69775pt on input line 75.
LaTeX Font Info:    Font shape `JY1/hmc/m/n' will be
(Font)              scaled to size 7.69775pt on input line 75.
[3

]
File: ./graphics//アルファヘリックス_CONH.jpg Graphic file (type bmp)
<./graphics//アルファヘリックス_CONH.jpg>
[4]
File: ./graphics//リーフグリップリモコン.jpg Graphic file (type bmp)
<./graphics//リーフグリップリモコン.jpg>
File: ./graphics//plla_fiber_device.jpg Graphic file (type bmp)
<./graphics//plla_fiber_device.jpg>
[5]
File: ./graphics//silk_device.jpg Graphic file (type bmp)
<./graphics//silk_device.jpg>
[6]
File: ./graphics//fibroin_structure.jpg Graphic file (type bmp)
<./graphics//fibroin_structure.jpg>
File: ./graphics//silk_fiber_デバイ.jpg Graphic file (type bmp)
<./graphics//silk_fiber_デバイ.jpg>
File: ./graphics//NMR_silk_II.jpg Graphic file (type bmp)
<./graphics//NMR_silk_II.jpg>

LaTeX Warning: `h' float specifier changed to `ht'.

[7] [8]
File: ./graphics//fibroin_piezo_装置.jpg Graphic file (type bmp)
<./graphics//fibroin_piezo_装置.jpg>
File: ./graphics//cast_film_piezo_data.jpg Graphic file (type bmp)
<./graphics//cast_film_piezo_data.jpg>
[9]
File: ./graphics//orientation_beta_sheet_piezo.jpg Graphic file (type bmp)
<./graphics//orientation_beta_sheet_piezo.jpg>
File: ./graphics//electrospun_data.jpg Graphic file (type bmp)
<./graphics//electrospun_data.jpg>
[10] [11]
第 2 章
[12

] [13]
File: ./graphics//結合効果.jpg Graphic file (type bmp)
<./graphics//結合効果.jpg>
[14] Excluding 'comment' comment. [15] [16] [17] [18] [19]
File: ./graphics//圧電共鳴.jpg Graphic file (type bmp)
<./graphics//圧電共鳴.jpg>
File: ./graphics//VDF_TrFe_圧電共鳴.jpg Graphic file (type bmp)
<./graphics//VDF_TrFe_圧電共鳴.jpg>

LaTeX Warning: `h' float specifier changed to `ht'.

[20]
File: ./graphics//ずり圧電_共鳴モード.jpg Graphic file (type bmp)
<./graphics//ずり圧電_共鳴モード.jpg>
File: ./graphics//PLLA_圧電共鳴スペクトル.jpg Graphic file (type bmp)
<./graphics//PLLA_圧電共鳴スペクトル.jpg>

LaTeX Warning: `h' float specifier changed to `ht'.


LaTeX Warning: `h' float specifier changed to `ht'.

[21] [22]
File: ./graphics//PLA_ずり圧電_長方形カット.jpg Graphic file (type bmp)
<./graphics//PLA_ずり圧電_長方形カット.jpg>
File: ./graphics//PLA_圧電共鳴スペクトル_長方形.jpg Graphic file (type bmp)
<./graphics//PLA_圧電共鳴スペクトル_長方形.jpg>
[23]

LaTeX Font Warning: Font shape `OT1/cmr/m/n' in size <12.5> not available
(Font)              size <12> substituted on input line 965.


LaTeX Font Warning: Font shape `OT1/cmss/m/n' in size <12.5> not available
(Font)              size <12> substituted on input line 965.


LaTeX Font Warning: Font shape `OT1/cmtt/m/n' in size <12.5> not available
(Font)              size <12> substituted on input line 965.

LaTeX Font Info:    Font shape `JY1/hmc/m/n' will be
(Font)              scaled to size 12.02774pt on input line 965.
LaTeX Font Info:    Font shape `JY1/hmc/m/n' will be
(Font)              scaled to size 9.04485pt on input line 965.

LaTeX Font Warning: Font shape `OT1/cmr/b/n' in size <12.5> not available
(Font)              size <12> substituted on input line 965.

File: ./graphics//anti_parallel_beta.jpg Graphic file (type bmp)
<./graphics//anti_parallel_beta.jpg>
File: ./graphics//anit_parallel_force.jpg Graphic file (type bmp)
<./graphics//anit_parallel_force.jpg>
[24]
File: ./graphics//位置球.jpg Graphic file (type bmp)
<./graphics//位置球.jpg>
File: ./graphics//fiber_structures.jpg Graphic file (type bmp)
<./graphics//fiber_structures.jpg>
[25]
第 3 章
File: ./graphics//試料作製手順.jpg Graphic file (type bmp)
<./graphics//試料作製手順.jpg>
[26

]
File: ./graphics//試料作製手順2.jpg Graphic file (type bmp)
<./graphics//試料作製手順2.jpg>
File: ./graphics//試料.jpg Graphic file (type bmp)
<./graphics//試料.jpg>
File: ./graphics//金属マスク.jpg Graphic file (type bmp)
<./graphics//金属マスク.jpg>
[27]

LaTeX Font Warning: Font shape `OT1/cmr/m/n' in size <10.5> not available
(Font)              size <10.95> substituted on input line 1082.


LaTeX Font Warning: Font shape `OT1/cmss/m/n' in size <10.5> not available
(Font)              size <10.95> substituted on input line 1082.


LaTeX Font Warning: Font shape `OT1/cmtt/m/n' in size <10.5> not available
(Font)              size <10.95> substituted on input line 1082.

LaTeX Font Info:    Font shape `JY1/hmc/m/n' will be
(Font)              scaled to size 10.1033pt on input line 1082.
LaTeX Font Info:    Font shape `JY1/hmc/m/n' will be
(Font)              scaled to size 7.60152pt on input line 1082.

LaTeX Font Warning: Font shape `OT1/cmr/b/n' in size <10.5> not available
(Font)              size <10.95> substituted on input line 1082.

File: ./graphics//rint_2000.jpg Graphic file (type bmp)
<./graphics//rint_2000.jpg>
File: ./graphics//theta_2theta.jpg Graphic file (type bmp)
<./graphics//theta_2theta.jpg>
[28]
File: ./graphics//XRD_theta_2theta_光学系.png Graphic file (type bmp)
<./graphics//XRD_theta_2theta_光学系.png>
File: ./graphics//極点の測定方法.jpg Graphic file (type bmp)
<./graphics//極点の測定方法.jpg>
[29]
File: ./graphics//pole_figure_outplane.jpg Graphic file (type bmp)
<./graphics//pole_figure_outplane.jpg>
File: ./graphics//pole_figure_inplane.jpg Graphic file (type bmp)
<./graphics//pole_figure_inplane.jpg>
File: ./graphics//XRD_配置.jpg Graphic file (type bmp)
<./graphics//XRD_配置.jpg>
[30]
File: ./graphics//smartlab.jpg Graphic file (type bmp)
<./graphics//smartlab.jpg>
[31]
File: ./graphics//4294A.jpg Graphic file (type bmp)
<./graphics//4294A.jpg>
File: ./graphics//自動平衡ブリッジ回路.jpg Graphic file (type bmp)
<./graphics//自動平衡ブリッジ回路.jpg>

Overfull \hbox (5.06282pt too wide) in paragraph at lines 1189--1207
[]\JY1/hmc/m/n/12 作製したシルクフ ィブロインフ ィルムの誘電率はインピ ーダンスアナライザ図 \OT1/cmr/m/n/12 3.13(KEYSIGHT
 []

[32] [33]
第 4 章
File: ./graphics//糸の種類別XRD.jpg Graphic file (type bmp)
<./graphics//糸の種類別XRD.jpg>
[34

]
File: ./graphics//theta_2theta_fibroin_film.jpg Graphic file (type bmp)
<./graphics//theta_2theta_fibroin_film.jpg>
[35]
File: ./graphics//pole_figure_silk_fibroin.jpg Graphic file (type bmp)
<./graphics//pole_figure_silk_fibroin.jpg>
File: ./graphics//theta_2theta_セリシンあり.jpg Graphic file (type bmp)
<./graphics//theta_2theta_セリシンあり.jpg>
[36]
File: ./graphics//セリシンあり_polefigure.jpg Graphic file (type bmp)
<./graphics//セリシンあり_polefigure.jpg>
[37]
File: ./graphics//FTIR_セリシンあり.jpg Graphic file (type bmp)
<./graphics//FTIR_セリシンあり.jpg>
[38]
File: ./graphics//シルクフィルム_熱処理後.jpg Graphic file (type bmp)
<./graphics//シルクフィルム_熱処理後.jpg>
File: ./graphics//45deg_he_hi_ru.jpg Graphic file (type bmp)
<./graphics//45deg_he_hi_ru.jpg>
File: ./graphics//0deg_without_sericin_2.jpg Graphic file (type bmp)
<./graphics//0deg_without_sericin_2.jpg>

LaTeX Warning: `h' float specifier changed to `ht'.

File: ./graphics//弾性率_角度依存性.jpg Graphic file (type bmp)
<./graphics//弾性率_角度依存性.jpg>
[39] [40] [41]
File: ./graphics//電気機械結合係数の角度依存性.jpg Graphic file (type bmp)
<./graphics//電気機械結合係数の角度依存性.jpg>
[42]
File: ./graphics//number_k.jpg Graphic file (type bmp)
<./graphics//number_k.jpg>
[43]
第 5 章
File: ./graphics//DSC_silk_0112_2.jpg Graphic file (type bmp)
<./graphics//DSC_silk_0112_2.jpg>
[44

]
File: ./graphics//cast_film_DSC_20210621.jpg Graphic file (type bmp)
<./graphics//cast_film_DSC_20210621.jpg>
File: ./graphics//DSC_cast_film_report.jpeg Graphic file (type bmp)
<./graphics//DSC_cast_film_report.jpeg>
[45]
File: ./graphics//熱プレスシルクフィルム_DSC.jpg Graphic file (type bmp)
<./graphics//熱プレスシルクフィルム_DSC.jpg>
File: ./graphics//セリシンあり_熱プレスシルクフィルム_DSC.jpg Graphic file (type bmp)
<./graphics//セリシンあり_熱プレスシルクフィルム_DSC.jpg>
[46]
File: ./graphics//TG_DTA.jpg Graphic file (type bmp)
<./graphics//TG_DTA.jpg>
[47]
File: ./graphics//8回_誘電率温度依存性.jpg Graphic file (type bmp)
<./graphics//8回_誘電率温度依存性.jpg>
[48]
File: ./graphics//8回_誘電率温度依存性_共鳴付近.jpg Graphic file (type bmp)
<./graphics//8回_誘電率温度依存性_共鳴付近.jpg>
File: ./graphics//8回_共鳴周波数_弾性率_温度依存性.jpg Graphic file (type bmp)
<./graphics//8回_共鳴周波数_弾性率_温度依存性.jpg>
[49]
File: ./graphics//8回_電気機械結合係数_誘電率.jpg Graphic file (type bmp)
<./graphics//8回_電気機械結合係数_誘電率.jpg>
[50]
File: ./graphics//8回_d定数_e定数_温度依存性.jpg Graphic file (type bmp)
<./graphics//8回_d定数_e定数_温度依存性.jpg>
[51]
File: ./graphics//温度_誘電率_セリシンなし.jpg Graphic file (type bmp)
<./graphics//温度_誘電率_セリシンなし.jpg>
[52]
File: ./graphics//1回_誘電率温度依存性_圧電共鳴付近.jpg Graphic file (type bmp)
<./graphics//1回_誘電率温度依存性_圧電共鳴付近.jpg>
File: ./graphics//1回_共鳴周波数_弾性率_温度依存性.jpg Graphic file (type bmp)
<./graphics//1回_共鳴周波数_弾性率_温度依存性.jpg>
[53]
File: ./graphics//1回_電気機械結合係数_誘電率.jpg Graphic file (type bmp)
<./graphics//1回_電気機械結合係数_誘電率.jpg>
File: ./graphics//1回_d定数_e定数_温度依存性.jpg Graphic file (type bmp)
<./graphics//1回_d定数_e定数_温度依存性.jpg>
[54]
File: ./graphics//温度_誘電率_セリシンあり.jpg Graphic file (type bmp)
<./graphics//温度_誘電率_セリシンあり.jpg>
[55]
File: ./graphics//0回_誘電率温度依存性_圧電共鳴付近.jpg Graphic file (type bmp)
<./graphics//0回_誘電率温度依存性_圧電共鳴付近.jpg>
File: ./graphics//0回_共鳴周波数_弾性率_温度依存性.jpg Graphic file (type bmp)
<./graphics//0回_共鳴周波数_弾性率_温度依存性.jpg>
[56]
File: ./graphics//0回_電気機械結合係数_誘電率.jpg Graphic file (type bmp)
<./graphics//0回_電気機械結合係数_誘電率.jpg>
File: ./graphics//0回_d定数_e定数_温度依存性.jpg Graphic file (type bmp)
<./graphics//0回_d定数_e定数_温度依存性.jpg>
[57]
File: ./graphics//8回精錬_熱処理前と後.jpg Graphic file (type bmp)
<./graphics//8回精錬_熱処理前と後.jpg>
[58]
File: ./graphics//0_1_回_精錬_熱処理前後.jpg Graphic file (type bmp)
<./graphics//0_1_回_精錬_熱処理前後.jpg>
[59]
第 6 章
[60

]
第 7 章
File: ./graphics//デバイ.jpg Graphic file (type bmp)
<./graphics//デバイ.jpg>

Overfull \hbox (4.12563pt too wide) in paragraph at lines 1934--1936
 [][] 
 []

[61

]
File: ./graphics//cast_film_作成方法.jpg Graphic file (type bmp)
<./graphics//cast_film_作成方法.jpg>
File: ./graphics//cast_film_sample.jpg Graphic file (type bmp)
<./graphics//cast_film_sample.jpg>
[62]
File: ./graphics//SPM.png Graphic file (type bmp)
<./graphics//SPM.png>
File: ./graphics//SPM2.png Graphic file (type bmp)
<./graphics//SPM2.png>
File: ./graphics//AFM.png Graphic file (type bmp)
<./graphics//AFM.png>
[63]
File: ./graphics//PFM.png Graphic file (type bmp)
<./graphics//PFM.png>
File: ./graphics//PFM_phase.png Graphic file (type bmp)
<./graphics//PFM_phase.png>

Overfull \hbox (7.59767pt too wide) in paragraph at lines 2020--2052
[]\JY1/hmc/m/n/12 走査型プロ ーブ顕微鏡 \OT1/cmr/m/n/12 (Scan-ning Prob Mi-cro-scope, SPM) \JY1/hmc/m/n/12 の一種として圧電応答顕微鏡 \OT1/cmr/m/n/12 (Piezore-
 []


LaTeX Warning: `h' float specifier changed to `ht'.

[64]
File: ./graphics//lateral_vertical.png Graphic file (type bmp)
<./graphics//lateral_vertical.png>
[65]
File: ./graphics//PFM_コラーゲン_側面.jpg Graphic file (type bmp)
<./graphics//PFM_コラーゲン_側面.jpg>
File: ./graphics//PFM_コラーゲン_断面.jpg Graphic file (type bmp)
<./graphics//PFM_コラーゲン_断面.jpg>
[66]
File: ./graphics//AFM_5_5.jpg Graphic file (type bmp)
<./graphics//AFM_5_5.jpg>
LaTeX Font Info:    Font shape `JT1/hmc/m/n' will be
(Font)              scaled to size 8.46753pt on input line 2103.
LaTeX Font Info:    Font shape `JT1/hmc/m/n' will be
(Font)              scaled to size 6.35065pt on input line 2103.
File: ./graphics//AFM_1_1.jpg Graphic file (type bmp)
<./graphics//AFM_1_1.jpg>
File: ./graphics//AFM_silk.jpg Graphic file (type bmp)
<./graphics//AFM_silk.jpg>
[67]
File: ./graphics//PFM_silk_fiber.jpg Graphic file (type bmp)
<./graphics//PFM_silk_fiber.jpg>
(out/master_thesis.bbl [68]
LaTeX Font Info:    Kanji font shape `JY1/hgt/m/it' undefined
(Font)              No change on input line 11.
LaTeX Font Info:    Kanji font shape `JY1/hgt/m/it' undefined
(Font)              No change on input line 16.
LaTeX Font Info:    Kanji font shape `JY1/hgt/m/it' undefined
(Font)              No change on input line 22.
LaTeX Font Info:    Kanji font shape `JY1/hgt/m/it' undefined
(Font)              No change on input line 27.
LaTeX Font Info:    Kanji font shape `JY1/hgt/m/it' undefined
(Font)              No change on input line 37.
LaTeX Font Info:    Kanji font shape `JY1/hgt/m/it' undefined
(Font)              No change on input line 42.
LaTeX Font Info:    Kanji font shape `JY1/hgt/m/it' undefined
(Font)              No change on input line 47.
LaTeX Font Info:    Kanji font shape `JY1/hgt/m/it' undefined
(Font)              No change on input line 52.
LaTeX Font Info:    Kanji font shape `JY1/hgt/m/it' undefined
(Font)              No change on input line 62.
LaTeX Font Info:    Kanji font shape `JY1/hgt/m/it' undefined
(Font)              No change on input line 67.
LaTeX Font Info:    Kanji font shape `JY1/hgt/m/it' undefined
(Font)              No change on input line 72.
LaTeX Font Info:    Kanji font shape `JY1/hgt/m/it' undefined
(Font)              No change on input line 78.
[69

]
LaTeX Font Info:    Kanji font shape `JY1/hgt/m/it' undefined
(Font)              No change on input line 84.
LaTeX Font Info:    Kanji font shape `JY1/hgt/m/it' undefined
(Font)              No change on input line 88.
LaTeX Font Info:    Kanji font shape `JY1/hgt/m/it' undefined
(Font)              No change on input line 94.

Underfull \hbox (badness 10000) in paragraph at lines 102--107
[]$\OT1/cmtt/m/n/12 https : / / corporate . murata . com / ja-[]jp / more _ murata / techmag / metamorphosis16 /
 []

LaTeX Font Info:    Kanji font shape `JY1/hgt/m/it' undefined
(Font)              No change on input line 112.
LaTeX Font Info:    Kanji font shape `JY1/hgt/m/it' undefined
(Font)              No change on input line 118.
LaTeX Font Info:    Kanji font shape `JY1/hgt/m/it' undefined
(Font)              No change on input line 123.
LaTeX Font Info:    Kanji font shape `JY1/hgt/m/it' undefined
(Font)              No change on input line 140.
LaTeX Font Info:    Kanji font shape `JY1/hgt/m/it' undefined
(Font)              No change on input line 147.
LaTeX Font Info:    Kanji font shape `JY1/hgt/m/it' undefined
(Font)              No change on input line 154.
[70]
LaTeX Font Info:    Kanji font shape `JY1/hgt/m/it' undefined
(Font)              No change on input line 165.
LaTeX Font Info:    Kanji font shape `JY1/hgt/m/it' undefined
(Font)              No change on input line 178.
LaTeX Font Info:    Kanji font shape `JY1/hgt/m/it' undefined
(Font)              No change on input line 184.
LaTeX Font Info:    Kanji font shape `JY1/hgt/m/it' undefined
(Font)              No change on input line 190.
LaTeX Font Info:    Kanji font shape `JY1/hgt/m/it' undefined
(Font)              No change on input line 195.
LaTeX Font Info:    Kanji font shape `JY1/hgt/m/it' undefined
(Font)              No change on input line 200.
LaTeX Font Info:    Kanji font shape `JY1/hgt/m/it' undefined
(Font)              No change on input line 206.
LaTeX Font Info:    Kanji font shape `JY1/hgt/m/it' undefined
(Font)              No change on input line 222.
LaTeX Font Info:    Kanji font shape `JY1/hgt/m/it' undefined
(Font)              No change on input line 229.
LaTeX Font Info:    Kanji font shape `JY1/hgt/m/it' undefined
(Font)              No change on input line 235.
LaTeX Font Info:    Kanji font shape `JY1/hgt/m/it' undefined
(Font)              No change on input line 244.
[71]
LaTeX Font Info:    Kanji font shape `JY1/hgt/m/it' undefined
(Font)              No change on input line 251.
LaTeX Font Info:    Kanji font shape `JY1/hgt/m/it' undefined
(Font)              No change on input line 258.
LaTeX Font Info:    Kanji font shape `JY1/hgt/m/it' undefined
(Font)              No change on input line 271.
LaTeX Font Info:    Kanji font shape `JY1/hgt/m/it' undefined
(Font)              No change on input line 276.
LaTeX Font Info:    Kanji font shape `JY1/hgt/m/it' undefined
(Font)              No change on input line 281.
LaTeX Font Info:    Kanji font shape `JY1/hgt/m/it' undefined
(Font)              No change on input line 288.
LaTeX Font Info:    Kanji font shape `JY1/hgt/m/it' undefined
(Font)              No change on input line 295.
LaTeX Font Info:    Kanji font shape `JY1/hgt/m/it' undefined
(Font)              No change on input line 301.
LaTeX Font Info:    Kanji font shape `JY1/hgt/m/it' undefined
(Font)              No change on input line 308.
LaTeX Font Info:    Kanji font shape `JY1/hgt/m/it' undefined
(Font)              No change on input line 327.
[72]
LaTeX Font Info:    Kanji font shape `JY1/hgt/m/it' undefined
(Font)              No change on input line 333.
LaTeX Font Info:    Kanji font shape `JY1/hgt/m/it' undefined
(Font)              No change on input line 339.
LaTeX Font Info:    Kanji font shape `JY1/hgt/m/it' undefined
(Font)              No change on input line 344.
LaTeX Font Info:    Kanji font shape `JY1/hgt/m/it' undefined
(Font)              No change on input line 350.
LaTeX Font Info:    Kanji font shape `JY1/hgt/m/it' undefined
(Font)              No change on input line 354.
LaTeX Font Info:    Kanji font shape `JY1/hgt/m/it' undefined
(Font)              No change on input line 354.
LaTeX Font Info:    Kanji font shape `JY1/hgt/m/it' undefined
(Font)              No change on input line 361.
LaTeX Font Info:    Kanji font shape `JY1/hgt/m/it' undefined
(Font)              No change on input line 366.
LaTeX Font Info:    Kanji font shape `JY1/hgt/m/it' undefined
(Font)              No change on input line 372.
LaTeX Font Info:    Kanji font shape `JY1/hgt/m/it' undefined
(Font)              No change on input line 384.
) [73] Excluding 'comment' comment. [74

] (out/master_thesis.aux)

LaTeX Font Warning: Size substitutions with differences
(Font)              up to 0.5pt have occurred.

 ) 
Here is how much of TeX's memory you used:
 11397 strings out of 479485
 190654 string characters out of 5868332
 487683 words of memory out of 5000000
 28809 multiletter control sequences out of 15000+600000
 468777 words of font info for 216 fonts, out of 8000000 for 9000
 929 hyphenation exceptions out of 8191
 83i,13n,88p,468b,1023s stack positions out of 5000i,500n,10000p,500000b,80000s

Output written on out/master_thesis.dvi (75 pages, 223900 bytes).
